<?xml version="1.0" encoding="UTF-8"?>
<!-- Generated by org.testng.reporters.JUnitReportReporter -->
<testsuite hostname="DELL-PC" failures="0" tests="4" name="testcasespackage.OrangeHRMTests" time="112.259" errors="0" timestamp="06 Mar 2021 17:01:53 GMT" skipped="0">
  <testcase classname="testcasespackage.OrangeHRMTests" name="loginTest" time="26.214"/>
  <testcase classname="testcasespackage.OrangeHRMTests" name="verifyLoginTitle" time="25.609"/>
  <testcase classname="testcasespackage.OrangeHRMTests" name="usersTest" time="32.332"/>
  <testcase classname="testcasespackage.OrangeHRMTests" name="LogoutTest" time="28.104"/>
</testsuite> <!-- testcasespackage.OrangeHRMTests -->
