<?xml version="1.0" encoding="UTF-8"?>
<!-- Generated by org.testng.reporters.JUnitReportReporter -->
<testsuite hostname="DELL-PC" failures="0" tests="4" name="testcasespackage.OrangeHRMTests" time="230.380" errors="0" timestamp="10 Mar 2021 17:29:36 GMT" skipped="0">
  <testcase classname="testcasespackage.OrangeHRMTests" name="loginTest" time="35.402"/>
  <testcase classname="testcasespackage.OrangeHRMTests" name="verifyLoginTitle" time="46.783"/>
  <testcase classname="testcasespackage.OrangeHRMTests" name="usersTest" time="85.989"/>
  <testcase classname="testcasespackage.OrangeHRMTests" name="LogoutTest" time="62.206"/>
</testsuite> <!-- testcasespackage.OrangeHRMTests -->
